<?xml version="1.0" encoding="UTF-8"?>
<testsuite name="Tanks.SampleTest" tests="1" skipped="0" failures="0" errors="0" timestamp="2024-04-17T01:55:57" hostname="candicedeMac-Pro.local" time="0.033">
  <properties/>
  <testcase name="simpleTest()" classname="Tanks.SampleTest" time="0.033"/>
  <system-out><![CDATA[]]></system-out>
  <system-err><![CDATA[]]></system-err>
</testsuite>
